make all --print-data-base --no-builtin-variables --no-builtin-rules --question
# GNU Make 3.81
# Copyright (C) 2006  Free Software Foundation, Inc.
# This is free software; see the source for copying conditions.
# There is NO warranty; not even for MERCHANTABILITY or FITNESS FOR A
# PARTICULAR PURPOSE.

# This program built for i386-apple-darwin11.3.0

# Make data base, printed on Mon Jun  5 00:46:55 2023

# Variables

# automatic
<D = $(patsubst %/,%,$(dir $<))
# automatic
?F = $(notdir $?)
# environment
VSCODE_CRASH_REPORTER_PROCESS_TYPE = extensionHost
# makefile (from `Makefile', line 17)
SRC = main.c src/init.c src/util_fcts/error.c src/util_fcts/ft_atoi.c src/util_fcts/ft_calloc.c src/util_fcts/ft_gettime.c src/util_fcts/ft_msleep.c src/util_fcts/ft_strlen.c
# automatic
?D = $(patsubst %/,%,$(dir $?))
# automatic
@D = $(patsubst %/,%,$(dir $@))
# automatic
@F = $(notdir $@)
# makefile
CURDIR := /Users/aaoutem-/Desktop/projects/philo
# makefile
SHELL = /bin/sh
# makefile (from `Makefile', line 15)
RM = rm 
# environment
VSCODE_NLS_CONFIG = {"locale":"en-us","osLocale":"en","availableLanguages":{},"_languagePackSupport":true}
# environment
_ = /usr/bin/make
# makefile (from `Makefile', line 1)
MAKEFILE_LIST :=  Makefile
# environment
VSCODE_CWD = /
# environment
PATH = /usr/local/bin:/usr/bin:/bin:/usr/sbin:/sbin:/usr/local/munki:/Library/Apple/usr/bin
# environment
LSCOLORS = Gxfxcxdxbxegedabagacad
# makefile (from `Makefile', line 26)
OBJ_F = ${SRC:.c=.o}
# environment
LaunchInstanceID = 10C76A0E-2E78-4220-A0EB-7E3BDA37A047
# environment
ELECTRON_RUN_AS_NODE = 1
# default
.FEATURES := target-specific order-only second-expansion else-if archives jobserver check-symlink
# environment
LS_COLORS = di=1;36:ln=35:so=32:pi=33:ex=31:bd=34;46:cd=34;43:su=30;41:sg=30;46:tw=30;42:ow=30;43
# environment
SSH_AUTH_SOCK = /private/tmp/com.apple.launchd.HnZfZhT9iV/Listeners
# automatic
%F = $(notdir $%)
# environment
PWD = /Users/aaoutem-/Desktop/projects/philo
# environment
ORIGINAL_XDG_CURRENT_DESKTOP = undefined
# environment
VSCODE_AMD_ENTRYPOINT = vs/workbench/api/node/extensionHostProcess
# environment
HOME = /Users/aaoutem-
# default
MAKEFILEPATH := /Applications/Xcode.app/Contents/Developer/Makefiles
# environment
VSCODE_CODE_CACHE_PATH = /Users/aaoutem-/Library/Application Support/Code/CachedData/b3e4e68a0bc097f0ae7907b217c1119af9e03435
# environment
LOGNAME = aaoutem-
# environment
APPLICATION_INSIGHTS_NO_DIAGNOSTIC_CHANNEL = 1
# environment
ZSH = /Users/aaoutem-/.oh-my-zsh
# environment
VSCODE_HANDLES_UNCAUGHT_ERRORS = true
# automatic
^D = $(patsubst %/,%,$(dir $^))
# environment
XPC_FLAGS = 0x0
# default
MAKE = $(MAKE_COMMAND)
# default
MAKECMDGOALS := all
# environment
SHLVL = 1
# makefile (from `Makefile', line 14)
CC = gcc 
# environment
VSCODE_CRASH_REPORTER_SANDBOXED_HINT = 1
# default
MAKE_VERSION := 3.81
# environment
USER = aaoutem-
# makefile
.DEFAULT_GOAL := all
# makefile (from `Makefile', line 13)
NAME = philo
# environment
LESS = -R
# automatic
%D = $(patsubst %/,%,$(dir $%))
# default
MAKE_COMMAND := /Applications/Xcode.app/Contents/Developer/usr/bin/make
# default
.VARIABLES := 
# environment
TMPDIR = /var/folders/zz/zyxvpxvq6csfxvn_n000cgx00033z8/T/
# automatic
*F = $(notdir $*)
# environment
VSCODE_IPC_HOOK = /Users/aaoutem-/Library/Application Support/Code/1.78-main.sock
# environment
MallocNanoZone = 0
# makefile
MAKEFLAGS = Rrqp
# environment
MFLAGS = -Rrqp
# automatic
*D = $(patsubst %/,%,$(dir $*))
# environment
XPC_SERVICE_NAME = com.apple.xpc.launchd.oneshot.0x10000003.Electron
# automatic
+D = $(patsubst %/,%,$(dir $+))
# environment
VSCODE_L10N_BUNDLE_LOCATION = 
# automatic
+F = $(notdir $+)
# environment
__CF_USER_TEXT_ENCODING = 0x18FE8:0x0:0x0
# environment
COMMAND_MODE = unix2003
# default
MAKEFILES := 
# automatic
<F = $(notdir $<)
# environment
PAGER = less
# environment
LC_ALL = C
# environment
SECURITYSESSIONID = 186a6
# automatic
^F = $(notdir $^)
# default
SUFFIXES := 
# makefile (from `Makefile', line 16)
FLAGS = -Wall -Wextra -pthread -g  
# default
.INCLUDE_DIRS = /usr/local/include
# environment
MAKELEVEL := 0
# environment
LANG = C
# environment
VSCODE_PID = 16822
# variable set hash-table stats:
# Load=73/1024=7%, Rehash=0, Collisions=1/101=1%

# Pattern-specific Variable Values

# No pattern-specific variable values.

# Directories

# . (device 16777228, inode 5984452): 13 files, no impossibilities.
# src/util_fcts (device 16777228, inode 5984684): 14 files, no impossibilities so far.
# src (device 16777228, inode 5984682): 3 files, no impossibilities so far.

# 30 files, no impossibilities in 3 directories.

# Implicit Rules

%.o: %.c
#  commands to execute (from `Makefile', line 35):
	@${CC} ${FLAGS} $< -c -o $@ 
	

# 1 implicit rules, 0 (0.0%) terminal.

# Files

# Not a target:
src/util_fcts/ft_atoi.c:
#  Implicit rule search has been done.
#  Last modified 2023-05-11 15:51:48
#  File has been updated.
#  Successfully updated.
# variable set hash-table stats:
# Load=0/32=0%, Rehash=0, Collisions=0/0=0%

# Not a target:
src/util_fcts/error.c:
#  Implicit rule search has been done.
#  Last modified 2023-05-11 15:51:48
#  File has been updated.
#  Successfully updated.
# variable set hash-table stats:
# Load=0/32=0%, Rehash=0, Collisions=0/0=0%

all: philo
#  Phony target (prerequisite of .PHONY).
#  Command-line target.
#  Implicit rule search has not been done.
#  File does not exist.
#  File has been updated.
#  Successfully updated.
# variable set hash-table stats:
# Load=0/32=0%, Rehash=0, Collisions=0/0=0%

philo: main.o src/init.o src/util_fcts/error.o src/util_fcts/ft_atoi.o src/util_fcts/ft_calloc.o src/util_fcts/ft_gettime.o src/util_fcts/ft_msleep.o src/util_fcts/ft_strlen.o
#  Implicit rule search has not been done.
#  Last modified 2023-06-04 11:23:58
#  File has been updated.
#  Successfully updated.
# variable set hash-table stats:
# Load=0/32=0%, Rehash=0, Collisions=0/0=0%
#  commands to execute (from `Makefile', line 31):
	${CC} ${FLAGS} ${OBJ_F} -o philo
	clear
	

.PHONY: re all clean fclean
#  Implicit rule search has not been done.
#  Modification time never checked.
#  File has not been updated.

# Not a target:
main.c:
#  Implicit rule search has been done.
#  Last modified 2023-06-04 11:23:55
#  File has been updated.
#  Successfully updated.
# variable set hash-table stats:
# Load=0/32=0%, Rehash=0, Collisions=0/0=0%

# Not a target:
src/util_fcts/ft_strlen.c:
#  Implicit rule search has been done.
#  Last modified 2023-05-11 15:51:48
#  File has been updated.
#  Successfully updated.
# variable set hash-table stats:
# Load=0/32=0%, Rehash=0, Collisions=0/0=0%

# Not a target:
.SUFFIXES:
#  Implicit rule search has not been done.
#  Modification time never checked.
#  File has not been updated.

src/util_fcts/ft_calloc.o: src/util_fcts/ft_calloc.c
#  Implicit rule search has been done.
#  Implicit/static pattern stem: `src/util_fcts/ft_calloc'
#  Last modified 2023-06-04 09:42:10
#  File has been updated.
#  Successfully updated.
# variable set hash-table stats:
# Load=0/32=0%, Rehash=0, Collisions=0/0=0%
#  commands to execute (from `Makefile', line 35):
	@${CC} ${FLAGS} $< -c -o $@ 
	

# Not a target:
Makefile:
#  Implicit rule search has been done.
#  Last modified 2023-06-04 11:22:43
#  File has been updated.
#  Successfully updated.
# variable set hash-table stats:
# Load=0/32=0%, Rehash=0, Collisions=0/0=0%

# Not a target:
src/util_fcts/ft_msleep.c:
#  Implicit rule search has been done.
#  Last modified 2023-06-03 08:26:37
#  File has been updated.
#  Successfully updated.
# variable set hash-table stats:
# Load=0/32=0%, Rehash=0, Collisions=0/0=0%

src/util_fcts/ft_gettime.o: src/util_fcts/ft_gettime.c
#  Implicit rule search has been done.
#  Implicit/static pattern stem: `src/util_fcts/ft_gettime'
#  Last modified 2023-06-04 09:42:10
#  File has been updated.
#  Successfully updated.
# variable set hash-table stats:
# Load=0/32=0%, Rehash=0, Collisions=0/0=0%
#  commands to execute (from `Makefile', line 35):
	@${CC} ${FLAGS} $< -c -o $@ 
	

fclean: clean
#  Phony target (prerequisite of .PHONY).
#  Implicit rule search has not been done.
 
#  File does not exist.
#  File has not been updated.
#  commands to execute (from `Makefile', line 41):
	${RM} ${NAME} 
	

src/init.o: src/init.c
#  Implicit rule search has been done.
#  Implicit/static pattern stem: `src/init'
#  Last modified 2023-06-04 09:42:09
#  File has been updated.
#  Successfully updated.
# variable set hash-table stats:
# Load=0/32=0%, Rehash=0, Collisions=0/0=0%
#  commands to execute (from `Makefile', line 35):
	@${CC} ${FLAGS} $< -c -o $@ 
	

# Not a target:
.DEFAULT:
#  Implicit rule search has not been done.
#  Modification time never checked.
#  File has not been updated.

# Not a target:
src/util_fcts/ft_calloc.c:
#  Implicit rule search has been done.
#  Last modified 2023-05-11 20:50:24
#  File has been updated.
#  Successfully updated.
# variable set hash-table stats:
# Load=0/32=0%, Rehash=0, Collisions=0/0=0%

re: fclean all
#  Phony target (prerequisite of .PHONY).
#  Implicit rule search has not been done.
#  File does not exist.
#  File has not been updated.

src/util_fcts/ft_atoi.o: src/util_fcts/ft_atoi.c
#  Implicit rule search has been done.
#  Implicit/static pattern stem: `src/util_fcts/ft_atoi'
#  Last modified 2023-06-04 09:42:10
#  File has been updated.
#  Successfully updated.
# variable set hash-table stats:
# Load=0/32=0%, Rehash=0, Collisions=0/0=0%
#  commands to execute (from `Makefile', line 35):
	@${CC} ${FLAGS} $< -c -o $@ 
	

src/util_fcts/error.o: src/util_fcts/error.c
#  Implicit rule search has been done.
#  Implicit/static pattern stem: `src/util_fcts/error'
#  Last modified 2023-06-04 09:42:09
#  File has been updated.
#  Successfully updated.
# variable set hash-table stats:
# Load=0/32=0%, Rehash=0, Collisions=0/0=0%
#  commands to execute (from `Makefile', line 35):
	@${CC} ${FLAGS} $< -c -o $@ 
	

clean:
#  Phony target (prerequisite of .PHONY).
#  Implicit rule search has not been done.
#  File does not exist.
#  File has not been updated.
#  commands to execute (from `Makefile', line 38):
	${RM} ${OBJ_F}
	

# Not a target:
src/util_fcts/ft_gettime.c:
#  Implicit rule search has been done.
#  Last modified 2023-05-13 00:41:34
#  File has been updated.
#  Successfully updated.
# variable set hash-table stats:
# Load=0/32=0%, Rehash=0, Collisions=0/0=0%

main.o: main.c
#  Implicit rule search has been done.
#  Implicit/static pattern stem: `main'
#  Last modified 2023-06-04 11:23:58
#  File has been updated.
#  Successfully updated.
# variable set hash-table stats:
# Load=0/32=0%, Rehash=0, Collisions=0/0=0%
#  commands to execute (from `Makefile', line 35):
	@${CC} ${FLAGS} $< -c -o $@ 
	

src/util_fcts/ft_strlen.o: src/util_fcts/ft_strlen.c
#  Implicit rule search has been done.
#  Implicit/static pattern stem: `src/util_fcts/ft_strlen'
#  Last modified 2023-06-04 09:42:10
#  File has been updated.
#  Successfully updated.
# variable set hash-table stats:
# Load=0/32=0%, Rehash=0, Collisions=0/0=0%
#  commands to execute (from `Makefile', line 35):
	@${CC} ${FLAGS} $< -c -o $@ 
	

# Not a target:
src/init.c:
#  Implicit rule search has been done.
#  Last modified 2023-05-16 18:50:11
#  File has been updated.
#  Successfully updated.
# variable set hash-table stats:
# Load=0/32=0%, Rehash=0, Collisions=0/0=0%

src/util_fcts/ft_msleep.o: src/util_fcts/ft_msleep.c
#  Implicit rule search has been done.
#  Implicit/static pattern stem: `src/util_fcts/ft_msleep'
#  Last modified 2023-06-04 09:42:10
#  File has been updated.
#  Successfully updated.
# variable set hash-table stats:
# Load=0/32=0%, Rehash=0, Collisions=0/0=0%
#  commands to execute (from `Makefile', line 35):
	@${CC} ${FLAGS} $< -c -o $@ 
	

# files hash-table stats:
# Load=25/1024=2%, Rehash=0, Collisions=8/78=10%
# VPATH Search Paths

# No `vpath' search paths.

# No general (`VPATH' variable) search path.

# # of strings in strcache: 1
# # of strcache buffers: 1
# strcache size: total = 4096 / max = 4096 / min = 4096 / avg = 4096
# strcache free: total = 4087 / max = 4087 / min = 4087 / avg = 4087

# Finished Make data base on Mon Jun  5 00:46:55 2023

 
